Vampyre Imaging Library Benchmark Demo version 0.26.4

-------------  Loading Images -------------
Loading image: Tigers.bmp
Image loaded in:                                                        994 us
Loading image: Tigers.jpg
Image loaded in:                                                      6 448 us
Loading image: Tigers.png
Image loaded in:                                                     13 168 us
Loading image: Tigers.mng
Image loaded in:                                                     18 875 us
Loading image: Tigers.jng
Image loaded in:                                                     10 084 us
Loading image: Tigers.gif
Image loaded in:                                                      8 139 us
Loading image: Tigers.dds
Image loaded in:                                                        498 us
Loading image: Tigers.tga
Image loaded in:                                                      1 287 us
Loading image: Tigers.pbm
Image loaded in:                                                      1 239 us
Loading image: Tigers.pgm
Image loaded in:                                                        145 us
Loading image: Tigers.ppm
Image loaded in:                                                      1 107 us
Loading image: Tigers.pam
Image loaded in:                                                        178 us
Loading image: Tigers.pfm
Image loaded in:                                                      1 350 us
Loading image: Tigers.jp2
Image loaded in:                                                    158 577 us
Loading image: Tigers.tif
Image loaded in:                                                     16 448 us
Loading image: Tigers.psd
Image loaded in:                                                      1 472 us
Loading image: Tigers.pcx
Image loaded in:                                                      2 294 us

-----------  Image Manipulation -----------
Resizing image to 3000x3000 (bilinear) ... 
Image resized in:                                                    23 377 us
Converting image to A16R16G16B16 64bit format ... 
Image converted in:                                                 122 498 us
Flipping image ... 
Image flipped in:                                                    13 462 us
Mirroring image ... 
Image mirrored in:                                                   25 781 us
Swapping channels of image ... 
Channels swapped in:                                                124 748 us
Converting image to A32B32G32R32F 128bit floating point format... 
Image converted in:                                                 291 388 us
Converting image to A4R4G4B4 16bit format... 
Image converted in:                                                 361 495 us
Converting image to A8R8G8B8 32bit format... 
Image converted in:                                                 384 431 us
Cloning image ... 
Image cloned in:                                                     15 826 us
Copying rectangle ... 
Rectangle copied in:                                                  1 621 us
Filling rectangle ... 
Rectangle filled in:                                                    648 us
Stretching rectangle (bicubic) ... 
Rectangle stretched in:                                             328 217 us
Replacing colors in rectangle ... 
Colors replaced in:                                                  14 220 us
Creating mipmaps ... 
Mipmaps created in:                                               3 882 401 us
Splitting image ... 
Image split in:                                                      25 104 us
Resizing image to 1000x1000 (bicubic) ... 
Image resized in:                                                   399 347 us
Rotating image 180 degrees CCW ... 
Image rotated in:                                                     3 878 us
Rotating image 90 degrees CCW ... 
Image rotated in:                                                     4 544 us
Reducing colors count to 1024... 
Colors reduced in:                                                   77 014 us
Making palette for images ... 
Palette made in:                                                     10 810 us
Mapping image to existing palette ... 
Image mapped in:                                                    559 631 us
Compressing image to DXT1 format... 
Image compressed in:                                                 72 350 us
Decompressing image from DXT1 format... 
Image decompressed in:                                                7 342 us
Converting image to R8G8B8 24bit format... 
Image converted in:                                                   4 364 us

-------------  Saving Images --------------
Saving image to format: bmp
Image saved in:                                                       4 667 us
Saving image to format: jpg
Image saved in:                                                      35 499 us
Saving image to format: png
Image saved in:                                                      71 767 us
Saving image to format: mng
Image saved in:                                                      84 069 us
Saving image to format: jng
Image saved in:                                                      45 310 us
Saving image to format: gif
Image saved in:                                                      81 432 us
Saving image to format: dds
Image saved in:                                                       1 189 us
Saving image to format: tga
Image saved in:                                                       1 484 us
Saving image to format: pgm
Image saved in:                                                       7 323 us
Saving image to format: ppm
Image saved in:                                                      14 151 us
Saving image to format: pam
Image saved in:                                                      13 414 us
Saving image to format: pfm
Image saved in:                                                      79 906 us
Saving image to format: jp2
Image saved in:                                                     659 298 us
Saving image to format: tif
Image saved in:                                                     148 704 us
Saving image to format: psd
Image saved in:                                                      49 192 us
Saving image to format: xpm
Image saved in:                                                     164 177 us
